<?xml version="1.0" encoding="UTF-8"?>
<testsuite xmlns:xsi="http://www.w3.org/2001/XMLSchema-instance" xsi:noNamespaceSchemaLocation="https://maven.apache.org/surefire/maven-surefire-plugin/xsd/surefire-test-report-3.0.xsd" version="3.0" name="edu.pnu.badcalc.CalculatorTest" time="0.112" tests="9" errors="0" skipped="0" failures="0">
  <properties>
[...]
</properties>
  <testcase name="factorialOfZeroIsOne" classname="edu.pnu.badcalc.CalculatorTest" time="0.039"/>
  <testcase name="parseAndComputeInvalidExpressionShouldThrow" classname="edu.pnu.badcalc.CalculatorTest" time="0.003"/>
  <testcase name="parseAndComputeValidAddition" classname="edu.pnu.badcalc.CalculatorTest" time="0.003"/>
  <testcase name="multiplyShouldHandleDecimals" classname="edu.pnu.badcalc.CalculatorTest" time="0.002"/>
  <testcase name="factorialOfPositiveNumber" classname="edu.pnu.badcalc.CalculatorTest" time="0.002"/>
  <testcase name="subtractShouldReturnDifference" classname="edu.pnu.badcalc.CalculatorTest" time="0.003"/>
  <testcase name="divideByZeroShouldThrowException" classname="edu.pnu.badcalc.CalculatorTest" time="0.001"/>
  <testcase name="divideShouldReturnQuotient" classname="edu.pnu.badcalc.CalculatorTest" time="0.001"/>
  <testcase name="addShouldReturnSum" classname="edu.pnu.badcalc.CalculatorTest" time="0.002"/>
</testsuite>